0 info it worked if it ends with ok
1 verbose cli [ '/usr/lib/nodejs/node-v6.10.3/bin/node',
1 verbose cli   '/usr/lib/nodejs/node-v6.10.3/bin/npm',
1 verbose cli   'run',
1 verbose cli   'dev' ]
2 info using npm@3.10.10
3 info using node@v6.10.3
4 verbose run-script [ 'predev', 'dev', 'postdev' ]
5 info lifecycle photo-sphere-gallery@1.0.9~predev: photo-sphere-gallery@1.0.9
6 silly lifecycle photo-sphere-gallery@1.0.9~predev: no script for predev, continuing
7 info lifecycle photo-sphere-gallery@1.0.9~dev: photo-sphere-gallery@1.0.9
8 verbose lifecycle photo-sphere-gallery@1.0.9~dev: unsafe-perm in lifecycle true
9 verbose lifecycle photo-sphere-gallery@1.0.9~dev: PATH: /usr/lib/nodejs/node-v6.10.3/lib/node_modules/npm/bin/node-gyp-bin:/root/Web-Server/photo-sphere-browser/node_modules/.bin:/usr/lib/nodejs/node-v6.10.3/bin:/usr/lib/qt/bin:/bin:/usr/bin:/sbin:/usr/sbin:/usr/local/bin:/root/my-applications/bin:/usr/games:/usr/lib/qt/bin
10 verbose lifecycle photo-sphere-gallery@1.0.9~dev: CWD: /root/Web-Server/photo-sphere-browser
11 silly lifecycle photo-sphere-gallery@1.0.9~dev: Args: [ '-c', 'webpack -d' ]
12 silly lifecycle photo-sphere-gallery@1.0.9~dev: Returned: code: 2  signal: null
13 info lifecycle photo-sphere-gallery@1.0.9~dev: Failed to exec dev script
14 verbose stack Error: photo-sphere-gallery@1.0.9 dev: `webpack -d`
14 verbose stack Exit status 2
14 verbose stack     at EventEmitter.<anonymous> (/usr/lib/nodejs/node-v6.10.3/lib/node_modules/npm/lib/utils/lifecycle.js:255:16)
14 verbose stack     at emitTwo (events.js:106:13)
14 verbose stack     at EventEmitter.emit (events.js:191:7)
14 verbose stack     at ChildProcess.<anonymous> (/usr/lib/nodejs/node-v6.10.3/lib/node_modules/npm/lib/utils/spawn.js:40:14)
14 verbose stack     at emitTwo (events.js:106:13)
14 verbose stack     at ChildProcess.emit (events.js:191:7)
14 verbose stack     at maybeClose (internal/child_process.js:886:16)
14 verbose stack     at Process.ChildProcess._handle.onexit (internal/child_process.js:226:5)
15 verbose pkgid photo-sphere-gallery@1.0.9
16 verbose cwd /root/Web-Server/photo-sphere-browser
17 error Linux 3.14.55
18 error argv "/usr/lib/nodejs/node-v6.10.3/bin/node" "/usr/lib/nodejs/node-v6.10.3/bin/npm" "run" "dev"
19 error node v6.10.3
20 error npm  v3.10.10
21 error code ELIFECYCLE
22 error photo-sphere-gallery@1.0.9 dev: `webpack -d`
22 error Exit status 2
23 error Failed at the photo-sphere-gallery@1.0.9 dev script 'webpack -d'.
23 error Make sure you have the latest version of node.js and npm installed.
23 error If you do, this is most likely a problem with the photo-sphere-gallery package,
23 error not with npm itself.
23 error Tell the author that this fails on your system:
23 error     webpack -d
23 error You can get information on how to open an issue for this project with:
23 error     npm bugs photo-sphere-gallery
23 error Or if that isn't available, you can get their info via:
23 error     npm owner ls photo-sphere-gallery
23 error There is likely additional logging output above.
24 verbose exit [ 1, true ]
